15:33:44:520 16.08.2020	:::	Staring
15:33:44:557 16.08.2020	:::	Users database configured
15:33:44:559 16.08.2020	:::	Friendship database configured
15:33:44:605 16.08.2020	:::	Dictionary loaded
15:33:44:609 16.08.2020	:::	Threadpool created
15:33:44:697 16.08.2020	:::	RMI initialized
15:33:44:697 16.08.2020	:::	Listener socket ready
15:33:44:698 16.08.2020	:::	Server started
15:33:44:702 16.08.2020	:::	DBs updated
15:33:47:719 16.08.2020	:::	Client Socket[addr=/127.0.0.1,port=58946,localport=46058] connected
15:33:51:937 16.08.2020	:::	Client Socket[addr=/127.0.0.1,port=58956,localport=46058] connected
15:34:00:713 16.08.2020	:::	Luca95 is updated
15:34:00:715 16.08.2020	:::	Luca95 logged-in
15:34:04:705 16.08.2020	:::	DBs updated
15:34:05:68 16.08.2020	:::	Luca is updated
15:34:05:69 16.08.2020	:::	Luca logged-in
15:34:13:917 16.08.2020	:::	Luca95 asked to start a new challenge with Luca
15:34:16:33 16.08.2020	:::	Luca has accepted the challenge with Luca95
15:34:18:614 16.08.2020	:::	Luca95 has started the challenge with Luca
15:34:18:615 16.08.2020	:::	Luca is updated
15:34:18:620 16.08.2020	:::	Start to send words to Luca
15:34:19:616 16.08.2020	:::	Luca95 is updated
15:34:19:617 16.08.2020	:::	Start to send words to Luca95
15:34:24:708 16.08.2020	:::	DBs updated
15:34:44:711 16.08.2020	:::	DBs updated
15:34:46:11 16.08.2020	:::	Luca95 ended game
15:34:46:12 16.08.2020	:::	Luca95 is updated
15:34:54:530 16.08.2020	:::	Luca was interrupted
15:34:54:530 16.08.2020	:::	Luca is updated
15:34:54:531 16.08.2020	:::	Challenge Ended
15:34:54:532 16.08.2020	:::	Luca is updated
15:34:54:736 16.08.2020	:::	Luca is updated
15:35:04:713 16.08.2020	:::	DBs updated
15:35:17:522 16.08.2020	:::	Client Luca disconnected
15:35:17:523 16.08.2020	:::	Luca is updated
15:35:19:617 16.08.2020	:::	Challenge Ended
15:35:19:618 16.08.2020	:::	Luca95 is updated
15:35:19:820 16.08.2020	:::	problem to send message
15:35:19:821 16.08.2020	:::	Luca95 is updated
15:35:19:821 16.08.2020	:::	Client Luca95 disconnected
15:35:19:822 16.08.2020	:::	Luca95 is updated
15:35:24:715 16.08.2020	:::	DBs updated
15:35:49:692 16.08.2020	:::	DBs updated
15:56:15:153 16.08.2020	:::	DBs updated
15:56:35:72 16.08.2020	:::	Quitting
15:56:35:84 16.08.2020	:::	DBs updated
15:56:36:74 16.08.2020	:::	Goodbye



16:03:50:166 16.08.2020	:::	Staring
16:03:50:196 16.08.2020	:::	Users database configured
16:03:50:198 16.08.2020	:::	Friendship database configured
16:03:50:238 16.08.2020	:::	Dictionary loaded
16:03:50:242 16.08.2020	:::	Threadpool created
16:03:50:321 16.08.2020	:::	RMI initialized
16:03:50:322 16.08.2020	:::	Listener socket ready
16:03:50:322 16.08.2020	:::	Server started
16:03:50:327 16.08.2020	:::	DBs updated
16:03:59:344 16.08.2020	:::	Client Socket[addr=/127.0.0.1,port=59616,localport=46058] connected
16:04:10:203 16.08.2020	:::	Client Socket[addr=/127.0.0.1,port=59638,localport=46058] connected
16:04:10:328 16.08.2020	:::	DBs updated
16:04:16:263 16.08.2020	:::	Luca95 is updated
16:04:16:265 16.08.2020	:::	Luca95 logged-in
16:04:21:96 16.08.2020	:::	Luca is updated
16:04:21:96 16.08.2020	:::	Luca logged-in
16:04:25:746 16.08.2020	:::	Luca asked to start a new challenge with Luca95
16:04:27:278 16.08.2020	:::	Luca95 has accepted the challenge with Luca
16:04:29:895 16.08.2020	:::	Luca has started the challenge with Luca95
16:04:29:896 16.08.2020	:::	Luca95 is updated
16:04:29:900 16.08.2020	:::	Start to send words to Luca95
16:04:30:331 16.08.2020	:::	DBs updated
16:04:30:897 16.08.2020	:::	Luca is updated
16:04:30:898 16.08.2020	:::	Start to send words to Luca
16:04:46:374 16.08.2020	:::	Luca ended game
16:04:46:375 16.08.2020	:::	Luca is updated
16:04:50:333 16.08.2020	:::	DBs updated
16:04:53:173 16.08.2020	:::	Luca95 ended game
16:04:53:173 16.08.2020	:::	Luca95 is updated
16:05:10:335 16.08.2020	:::	DBs updated
16:05:29:899 16.08.2020	:::	Challenge Ended
16:05:29:900 16.08.2020	:::	Luca95 is updated
16:05:30:104 16.08.2020	:::	Luca95 is updated
16:05:30:337 16.08.2020	:::	DBs updated
16:05:30:898 16.08.2020	:::	Challenge Ended
16:05:30:899 16.08.2020	:::	Luca is updated
16:05:31:101 16.08.2020	:::	Luca is updated
16:05:50:340 16.08.2020	:::	DBs updated
16:06:10:342 16.08.2020	:::	DBs updated
16:06:19:723 16.08.2020	:::	Client Luca disconnected
16:06:19:724 16.08.2020	:::	Luca is updated
16:06:22:637 16.08.2020	:::	Client Luca95 disconnected
16:06:22:638 16.08.2020	:::	Luca95 is updated
16:06:30:344 16.08.2020	:::	DBs updated
16:06:50:356 16.08.2020	:::	DBs updated
16:07:10:358 16.08.2020	:::	DBs updated
16:07:30:360 16.08.2020	:::	DBs updated
16:07:50:362 16.08.2020	:::	DBs updated
16:08:10:365 16.08.2020	:::	DBs updated
16:08:30:366 16.08.2020	:::	DBs updated
16:08:50:369 16.08.2020	:::	DBs updated
16:09:10:370 16.08.2020	:::	DBs updated
16:09:30:372 16.08.2020	:::	DBs updated
16:09:50:375 16.08.2020	:::	DBs updated
16:10:10:377 16.08.2020	:::	DBs updated
16:10:30:388 16.08.2020	:::	DBs updated
16:10:50:390 16.08.2020	:::	DBs updated
16:10:56:878 16.08.2020	:::	Client Socket[addr=/127.0.0.1,port=60074,localport=46058] connected
16:11:00:677 16.08.2020	:::	Quitting
16:11:00:680 16.08.2020	:::	DBs updated
16:11:01:679 16.08.2020	:::	Goodbye



16:11:03:477 16.08.2020	:::	Staring
16:11:03:516 16.08.2020	:::	Users database configured
16:11:03:517 16.08.2020	:::	Friendship database configured
16:11:03:551 16.08.2020	:::	Dictionary loaded
16:11:03:553 16.08.2020	:::	Threadpool created
16:11:03:637 16.08.2020	:::	RMI initialized
16:11:03:638 16.08.2020	:::	Listener socket ready
16:11:03:638 16.08.2020	:::	Server started
16:11:03:643 16.08.2020	:::	DBs updated
16:11:09:841 16.08.2020	:::	Client Socket[addr=/127.0.0.1,port=60102,localport=46058] connected
16:11:17:815 16.08.2020	:::	Luca95 is updated
16:11:17:816 16.08.2020	:::	Luca95 logged-in
16:11:22:854 16.08.2020	:::	Client Socket[addr=/127.0.0.1,port=60116,localport=46058] connected
16:11:23:645 16.08.2020	:::	DBs updated
16:11:29:283 16.08.2020	:::	Luca is updated
16:11:29:284 16.08.2020	:::	Luca logged-in
16:11:35:398 16.08.2020	:::	Luca asked to start a new challenge with Luca95
16:11:36:950 16.08.2020	:::	Luca95 has accepted the challenge with Luca
16:11:40:278 16.08.2020	:::	Luca has started the challenge with Luca95
16:11:40:279 16.08.2020	:::	Luca95 is updated
16:11:40:284 16.08.2020	:::	Start to send words to Luca95
16:11:41:280 16.08.2020	:::	Luca is updated
16:11:41:281 16.08.2020	:::	Start to send words to Luca
16:11:43:648 16.08.2020	:::	DBs updated
16:11:58:74 16.08.2020	:::	Luca95 ended game
16:11:58:75 16.08.2020	:::	Luca95 is updated
16:12:03:650 16.08.2020	:::	DBs updated
16:12:23:653 16.08.2020	:::	DBs updated
Exception in thread "Thread-2" java.lang.NullPointerException
	at server.Challenge.run(Challenge.java:135)
	at java.base/java.lang.Thread.run(Thread.java:834)
16:12:40:282 16.08.2020	:::	Challenge Ended
16:12:40:283 16.08.2020	:::	Luca95 is updated
16:12:40:485 16.08.2020	:::	problem to send message
16:12:40:489 16.08.2020	:::	Luca95 is updated
16:12:40:491 16.08.2020	:::	Client Luca95 disconnected
16:12:40:491 16.08.2020	:::	Luca95 is updated
16:12:41:281 16.08.2020	:::	Challenge Ended
16:12:41:282 16.08.2020	:::	Luca is updated
16:12:41:484 16.08.2020	:::	problem to send message
16:12:41:485 16.08.2020	:::	Luca is updated
16:12:41:485 16.08.2020	:::	Client Luca disconnected
16:12:41:486 16.08.2020	:::	Luca is updated
16:12:43:655 16.08.2020	:::	DBs updated
16:13:03:658 16.08.2020	:::	DBs updated
16:13:13:271 16.08.2020	:::	Quitting
16:13:13:275 16.08.2020	:::	DBs updated
16:13:14:273 16.08.2020	:::	Goodbye



18:06:51:275 16.08.2020	:::	Staring
18:06:51:305 16.08.2020	:::	Users database configured
18:06:51:306 16.08.2020	:::	Friendship database configured
18:06:51:349 16.08.2020	:::	Dictionary loaded
18:06:51:353 16.08.2020	:::	Threadpool created
18:06:51:452 16.08.2020	:::	RMI initialized
18:06:51:452 16.08.2020	:::	Listener socket ready
18:06:51:453 16.08.2020	:::	Server started
18:06:51:458 16.08.2020	:::	DBs updated
18:06:54:168 16.08.2020	:::	Client Socket[addr=/127.0.0.1,port=60426,localport=46058] connected
18:06:59:280 16.08.2020	:::	Client Socket[addr=/127.0.0.1,port=60438,localport=46058] connected
18:07:05:355 16.08.2020	:::	Luca95 is updated
18:07:05:356 16.08.2020	:::	Luca95 logged-in
18:07:10:11 16.08.2020	:::	Luca is updated
18:07:10:20 16.08.2020	:::	Luca logged-in
18:07:11:461 16.08.2020	:::	DBs updated
18:07:14:695 16.08.2020	:::	Luca asked to start a new challenge with Luca95
18:07:16:303 16.08.2020	:::	Luca95 has accepted the challenge with Luca
18:07:21:219 16.08.2020	:::	Luca has started the challenge with Luca95
18:07:21:220 16.08.2020	:::	Luca95 is updated
18:07:21:225 16.08.2020	:::	Start to send words to Luca95
18:07:22:221 16.08.2020	:::	Luca is updated
18:07:22:223 16.08.2020	:::	Start to send words to Luca
18:07:31:463 16.08.2020	:::	DBs updated
18:07:48:884 16.08.2020	:::	Luca95 ended game
18:07:48:885 16.08.2020	:::	Luca95 is updated
18:07:51:465 16.08.2020	:::	DBs updated
18:08:00:685 16.08.2020	:::	Luca ended game
18:08:00:686 16.08.2020	:::	Luca is updated
18:08:11:468 16.08.2020	:::	DBs updated
18:08:21:223 16.08.2020	:::	Challenge Ended
18:08:21:224 16.08.2020	:::	Luca95 is updated
18:08:21:429 16.08.2020	:::	Luca95 is updated
18:08:22:223 16.08.2020	:::	Challenge Ended
18:08:22:224 16.08.2020	:::	Luca is updated
18:08:22:426 16.08.2020	:::	Luca is updated
18:08:31:470 16.08.2020	:::	DBs updated
18:08:51:472 16.08.2020	:::	DBs updated
18:09:11:475 16.08.2020	:::	DBs updated
18:09:31:477 16.08.2020	:::	DBs updated
18:09:51:479 16.08.2020	:::	DBs updated
18:10:11:482 16.08.2020	:::	DBs updated
18:10:21:551 16.08.2020	:::	Client Luca disconnected
18:10:21:552 16.08.2020	:::	Luca is updated
18:10:24:901 16.08.2020	:::	Client Socket[addr=/127.0.0.1,port=60660,localport=46058] connected
18:10:28:347 16.08.2020	:::	Client Luca95 disconnected
18:10:28:348 16.08.2020	:::	Luca95 is updated
18:10:31:272 16.08.2020	:::	Client Socket[addr=/127.0.0.1,port=60676,localport=46058] connected
18:10:31:483 16.08.2020	:::	DBs updated
18:10:38:790 16.08.2020	:::	Luca95 is updated
18:10:38:791 16.08.2020	:::	Luca95 logged-in
18:10:45:516 16.08.2020	:::	Luca is updated
18:10:45:517 16.08.2020	:::	Luca logged-in
18:10:51:349 16.08.2020	:::	Luca asked to start a new challenge with Luca95
18:10:51:485 16.08.2020	:::	DBs updated
18:10:53:133 16.08.2020	:::	Luca95 has accepted the challenge with Luca
18:10:56:502 16.08.2020	:::	Luca has started the challenge with Luca95
18:10:56:503 16.08.2020	:::	Luca95 is updated
18:10:56:504 16.08.2020	:::	Start to send words to Luca95
18:10:57:504 16.08.2020	:::	Luca is updated
18:10:57:506 16.08.2020	:::	Start to send words to Luca
18:11:11:488 16.08.2020	:::	DBs updated
18:11:26:698 16.08.2020	:::	Luca95 ended game
18:11:26:699 16.08.2020	:::	Luca95 is updated
18:11:31:490 16.08.2020	:::	DBs updated
18:11:37:61 16.08.2020	:::	Luca ended game
18:11:37:61 16.08.2020	:::	Luca is updated
18:11:51:492 16.08.2020	:::	DBs updated
18:11:56:504 16.08.2020	:::	Challenge Ended
18:11:56:505 16.08.2020	:::	Luca95 is updated
18:11:56:707 16.08.2020	:::	Luca95 is updated
18:11:57:506 16.08.2020	:::	Challenge Ended
18:11:57:507 16.08.2020	:::	Luca is updated
18:11:57:708 16.08.2020	:::	Luca is updated
18:12:11:494 16.08.2020	:::	DBs updated
18:12:31:496 16.08.2020	:::	DBs updated
18:12:51:498 16.08.2020	:::	DBs updated
18:13:11:500 16.08.2020	:::	DBs updated
18:13:31:501 16.08.2020	:::	DBs updated
18:13:51:503 16.08.2020	:::	DBs updated
18:14:11:506 16.08.2020	:::	DBs updated
18:14:31:508 16.08.2020	:::	DBs updated
18:14:51:510 16.08.2020	:::	DBs updated
18:15:08:14 16.08.2020	:::	Client Luca95 disconnected
18:15:08:15 16.08.2020	:::	Luca95 is updated
18:15:10:982 16.08.2020	:::	Client Socket[addr=/127.0.0.1,port=60950,localport=46058] connected
18:15:11:511 16.08.2020	:::	DBs updated
18:15:13:642 16.08.2020	:::	Client Luca disconnected
18:15:13:642 16.08.2020	:::	Luca is updated
18:15:16:470 16.08.2020	:::	Client Socket[addr=/127.0.0.1,port=60966,localport=46058] connected
18:15:21:977 16.08.2020	:::	Luca is updated
18:15:21:977 16.08.2020	:::	Luca logged-in
18:15:29:753 16.08.2020	:::	Luca95 is updated
18:15:29:754 16.08.2020	:::	Luca95 logged-in
18:15:31:513 16.08.2020	:::	DBs updated
18:15:34:25 16.08.2020	:::	Luca95 asked to start a new challenge with Luca
18:15:35:857 16.08.2020	:::	Luca has accepted the challenge with Luca95
18:15:38:341 16.08.2020	:::	Luca95 has started the challenge with Luca
18:15:38:341 16.08.2020	:::	Luca is updated
18:15:38:342 16.08.2020	:::	Start to send words to Luca
18:15:39:343 16.08.2020	:::	Luca95 is updated
18:15:39:344 16.08.2020	:::	Start to send words to Luca95
18:15:51:514 16.08.2020	:::	DBs updated
18:16:11:516 16.08.2020	:::	DBs updated
18:16:31:517 16.08.2020	:::	DBs updated
18:16:38:342 16.08.2020	:::	Challenge Ended
18:16:38:343 16.08.2020	:::	Luca is updated
18:16:38:544 16.08.2020	:::	Luca is updated
18:16:38:561 16.08.2020	:::	Luca ended game
18:16:38:562 16.08.2020	:::	Luca is updated
18:16:39:344 16.08.2020	:::	Challenge Ended
18:16:39:345 16.08.2020	:::	Luca95 is updated
18:16:39:546 16.08.2020	:::	Luca95 is updated
18:16:39:605 16.08.2020	:::	Luca95 ended game
18:16:39:606 16.08.2020	:::	Luca95 is updated
18:16:51:519 16.08.2020	:::	DBs updated
18:17:05:192 16.08.2020	:::	Client Luca disconnected
18:17:05:193 16.08.2020	:::	Luca is updated
18:17:08:209 16.08.2020	:::	Client Socket[addr=/127.0.0.1,port=32864,localport=46058] connected
18:17:10:936 16.08.2020	:::	Client Luca95 disconnected
18:17:10:936 16.08.2020	:::	Luca95 is updated
18:17:11:520 16.08.2020	:::	DBs updated
18:17:12:420 16.08.2020	:::	Client Socket[addr=/127.0.0.1,port=32874,localport=46058] connected
18:17:20:990 16.08.2020	:::	Luca is updated
18:17:20:991 16.08.2020	:::	Luca logged-in
18:17:25:929 16.08.2020	:::	Luca95 is updated
18:17:25:930 16.08.2020	:::	Luca95 logged-in
18:17:31:522 16.08.2020	:::	DBs updated
18:17:50:805 16.08.2020	:::	Luca95 asked to start a new challenge with Luca
18:17:51:524 16.08.2020	:::	DBs updated
18:17:52:205 16.08.2020	:::	Luca has accepted the challenge with Luca95
18:17:54:818 16.08.2020	:::	Luca95 has started the challenge with Luca
18:17:54:819 16.08.2020	:::	Luca is updated
18:17:54:820 16.08.2020	:::	Start to send words to Luca
18:17:55:820 16.08.2020	:::	Luca95 is updated
18:17:55:821 16.08.2020	:::	Start to send words to Luca95
18:18:03:974 16.08.2020	:::	Luca was interrupted
18:18:03:975 16.08.2020	:::	Luca is updated
18:18:03:975 16.08.2020	:::	Challenge Ended
18:18:03:976 16.08.2020	:::	Luca is updated
18:18:04:178 16.08.2020	:::	Luca is updated
18:18:10:97 16.08.2020	:::	Luca95 was interrupted
18:18:10:97 16.08.2020	:::	Luca95 is updated
18:18:10:98 16.08.2020	:::	Challenge Ended
18:18:10:98 16.08.2020	:::	Luca95 is updated
18:18:10:300 16.08.2020	:::	Luca95 is updated
18:18:11:525 16.08.2020	:::	DBs updated
18:18:31:527 16.08.2020	:::	DBs updated
18:18:51:529 16.08.2020	:::	DBs updated
18:19:11:530 16.08.2020	:::	DBs updated
18:19:17:14 16.08.2020	:::	Client Luca disconnected
18:19:17:14 16.08.2020	:::	Luca is updated
18:19:19:968 16.08.2020	:::	Client Luca95 disconnected
18:19:19:968 16.08.2020	:::	Luca95 is updated
18:19:21:565 16.08.2020	:::	Quitting
18:19:21:577 16.08.2020	:::	DBs updated
18:19:22:567 16.08.2020	:::	Goodbye



18:19:25:615 16.08.2020	:::	Staring
18:19:25:650 16.08.2020	:::	Users database configured
18:19:25:652 16.08.2020	:::	Friendship database configured
18:19:25:689 16.08.2020	:::	Dictionary loaded
18:19:25:692 16.08.2020	:::	Threadpool created
18:19:25:801 16.08.2020	:::	RMI initialized
18:19:25:801 16.08.2020	:::	Listener socket ready
18:19:25:802 16.08.2020	:::	Server started
18:19:25:806 16.08.2020	:::	DBs updated
18:19:31:345 16.08.2020	:::	Client Socket[addr=/127.0.0.1,port=33026,localport=46058] connected
18:19:36:17 16.08.2020	:::	Client Socket[addr=/127.0.0.1,port=33040,localport=46058] connected
18:19:44:778 16.08.2020	:::	Luca95 is updated
18:19:44:780 16.08.2020	:::	Luca95 logged-in
18:19:45:809 16.08.2020	:::	DBs updated
18:19:49:216 16.08.2020	:::	Luca is updated
18:19:49:217 16.08.2020	:::	Luca logged-in
18:19:53:627 16.08.2020	:::	Luca asked to start a new challenge with Luca95
18:19:54:975 16.08.2020	:::	Luca95 has accepted the challenge with Luca
18:19:58:740 16.08.2020	:::	Luca has started the challenge with Luca95
18:19:58:742 16.08.2020	:::	Luca95 is updated
18:19:58:746 16.08.2020	:::	Start to send words to Luca95
18:19:59:742 16.08.2020	:::	Luca is updated
18:19:59:744 16.08.2020	:::	Start to send words to Luca
18:20:01:910 16.08.2020	:::	Luca95 was interrupted
18:20:01:911 16.08.2020	:::	Luca95 is updated
18:20:01:911 16.08.2020	:::	Challenge Ended
18:20:01:913 16.08.2020	:::	Luca95 is updated
18:20:02:116 16.08.2020	:::	Luca95 is updated
18:20:05:812 16.08.2020	:::	DBs updated
18:20:09:693 16.08.2020	:::	Luca was interrupted
18:20:09:694 16.08.2020	:::	Luca is updated
18:20:09:694 16.08.2020	:::	Challenge Ended
18:20:09:696 16.08.2020	:::	Luca is updated
18:20:09:898 16.08.2020	:::	Luca is updated
18:20:25:815 16.08.2020	:::	DBs updated
18:20:45:817 16.08.2020	:::	DBs updated
18:21:05:819 16.08.2020	:::	DBs updated
18:21:25:822 16.08.2020	:::	DBs updated
18:21:45:824 16.08.2020	:::	DBs updated
18:22:05:826 16.08.2020	:::	DBs updated
18:22:25:828 16.08.2020	:::	DBs updated
18:22:45:830 16.08.2020	:::	DBs updated
18:23:05:832 16.08.2020	:::	DBs updated
18:23:25:834 16.08.2020	:::	DBs updated
18:23:30:295 16.08.2020	:::	Client Luca disconnected
18:23:30:296 16.08.2020	:::	Luca is updated
18:23:32:314 16.08.2020	:::	Client Luca95 disconnected
18:23:32:315 16.08.2020	:::	Luca95 is updated
18:23:45:836 16.08.2020	:::	DBs updated
18:24:05:838 16.08.2020	:::	DBs updated
18:24:25:840 16.08.2020	:::	DBs updated
18:24:45:842 16.08.2020	:::	DBs updated
18:25:05:844 16.08.2020	:::	DBs updated
18:25:25:846 16.08.2020	:::	DBs updated
18:25:45:848 16.08.2020	:::	DBs updated
18:26:05:850 16.08.2020	:::	DBs updated
18:26:25:853 16.08.2020	:::	DBs updated
18:26:45:856 16.08.2020	:::	DBs updated
18:27:05:858 16.08.2020	:::	DBs updated
18:27:25:861 16.08.2020	:::	DBs updated
18:27:45:863 16.08.2020	:::	DBs updated
18:27:52:646 16.08.2020	:::	Client Socket[addr=/127.0.0.1,port=33540,localport=46058] connected
18:27:54:839 16.08.2020	:::	Client Socket[addr=/127.0.0.1,port=33550,localport=46058] connected
18:28:00:230 16.08.2020	:::	Luca is updated
18:28:00:230 16.08.2020	:::	Luca logged-in
18:28:05:365 16.08.2020	:::	Luca95 is updated
18:28:05:366 16.08.2020	:::	Luca95 logged-in
18:28:05:865 16.08.2020	:::	DBs updated
18:28:08:997 16.08.2020	:::	Luca95 asked to start a new challenge with Luca
18:28:10:369 16.08.2020	:::	Luca has accepted the challenge with Luca95
18:28:12:833 16.08.2020	:::	Luca95 has started the challenge with Luca
18:28:12:834 16.08.2020	:::	Luca is updated
18:28:12:835 16.08.2020	:::	Start to send words to Luca
18:28:13:835 16.08.2020	:::	Luca95 is updated
18:28:13:836 16.08.2020	:::	Start to send words to Luca95
18:28:25:867 16.08.2020	:::	DBs updated
18:28:45:868 16.08.2020	:::	DBs updated
18:29:05:870 16.08.2020	:::	DBs updated
18:29:12:835 16.08.2020	:::	Challenge Ended
18:29:12:836 16.08.2020	:::	Luca is updated
18:29:13:38 16.08.2020	:::	Luca is updated
18:29:13:53 16.08.2020	:::	Luca ended game
18:29:13:54 16.08.2020	:::	Luca is updated
18:29:13:837 16.08.2020	:::	Challenge Ended
18:29:13:837 16.08.2020	:::	Luca95 is updated
18:29:14:39 16.08.2020	:::	Luca95 is updated
18:29:14:97 16.08.2020	:::	Luca95 ended game
18:29:14:98 16.08.2020	:::	Luca95 is updated
18:29:25:872 16.08.2020	:::	DBs updated
18:29:45:875 16.08.2020	:::	DBs updated
18:30:05:876 16.08.2020	:::	DBs updated
18:30:25:878 16.08.2020	:::	DBs updated
18:30:45:880 16.08.2020	:::	DBs updated
18:31:05:882 16.08.2020	:::	DBs updated
18:31:07:78 16.08.2020	:::	Client Luca95 disconnected
18:31:07:78 16.08.2020	:::	Luca95 is updated
18:31:10:102 16.08.2020	:::	Client Luca disconnected
18:31:10:103 16.08.2020	:::	Luca is updated
18:31:15:733 16.08.2020	:::	Quitting
18:31:15:746 16.08.2020	:::	DBs updated
18:31:16:735 16.08.2020	:::	Goodbye



18:42:13:236 16.08.2020	:::	Staring
18:42:13:272 16.08.2020	:::	Users database configured
18:42:13:274 16.08.2020	:::	Friendship database configured
18:42:13:309 16.08.2020	:::	Dictionary loaded
18:42:13:312 16.08.2020	:::	Threadpool created
18:42:13:408 16.08.2020	:::	RMI initialized
18:42:13:409 16.08.2020	:::	Listener socket ready
18:42:13:409 16.08.2020	:::	Server started
18:42:13:414 16.08.2020	:::	DBs updated
18:42:17:533 16.08.2020	:::	Client Socket[addr=/127.0.0.1,port=34402,localport=46058] connected
18:42:21:783 16.08.2020	:::	Client Socket[addr=/127.0.0.1,port=34414,localport=46058] connected
18:42:29:636 16.08.2020	:::	Luca is updated
18:42:29:638 16.08.2020	:::	Luca logged-in
18:42:33:418 16.08.2020	:::	DBs updated
18:42:39:173 16.08.2020	:::	Luca95 is updated
18:42:39:174 16.08.2020	:::	Luca95 logged-in
18:42:44:367 16.08.2020	:::	Luca95 asked to start a new challenge with Luca
18:42:45:711 16.08.2020	:::	Luca has accepted the challenge with Luca95
18:42:48:711 16.08.2020	:::	Luca95 has started the challenge with Luca
18:42:48:712 16.08.2020	:::	Luca is updated
18:42:48:717 16.08.2020	:::	Start to send words to Luca
18:42:49:713 16.08.2020	:::	Luca95 is updated
18:42:49:715 16.08.2020	:::	Start to send words to Luca95
18:42:53:420 16.08.2020	:::	DBs updated
18:43:13:423 16.08.2020	:::	DBs updated
18:43:33:426 16.08.2020	:::	DBs updated
18:43:48:715 16.08.2020	:::	Challenge Ended
18:43:48:917 16.08.2020	:::	Luca is updated
18:43:49:421 16.08.2020	:::	Luca is updated
18:43:49:438 16.08.2020	:::	Luca ended game
18:43:49:439 16.08.2020	:::	Luca is updated
18:43:49:715 16.08.2020	:::	Challenge Ended
18:43:49:916 16.08.2020	:::	Luca95 is updated
18:43:50:418 16.08.2020	:::	Luca95 is updated
18:43:50:477 16.08.2020	:::	Luca95 ended game
18:43:50:478 16.08.2020	:::	Luca95 is updated
18:43:53:429 16.08.2020	:::	DBs updated
18:44:13:431 16.08.2020	:::	DBs updated
18:44:20:657 16.08.2020	:::	Luca is updated
18:44:20:658 16.08.2020	:::	Luca logged-out
18:44:24:317 16.08.2020	:::	Luca95 is updated
18:44:24:318 16.08.2020	:::	Luca95 logged-out
18:44:33:434 16.08.2020	:::	DBs updated
18:44:53:436 16.08.2020	:::	DBs updated
18:45:13:439 16.08.2020	:::	DBs updated
21:45:21:806 16.08.2020	:::	DBs updated
21:45:23:713 16.08.2020	:::	Quitting
21:45:23:726 16.08.2020	:::	DBs updated
21:45:24:716 16.08.2020	:::	Goodbye



21:51:09:156 16.08.2020	:::	Staring
21:51:09:200 16.08.2020	:::	Users database configured
21:51:09:202 16.08.2020	:::	Friendship database configured
21:51:09:250 16.08.2020	:::	Dictionary loaded
21:51:09:254 16.08.2020	:::	Threadpool created
21:51:09:376 16.08.2020	:::	RMI initialized
21:51:09:376 16.08.2020	:::	Listener socket ready
21:51:09:377 16.08.2020	:::	Server started
21:51:09:383 16.08.2020	:::	DBs updated
21:51:16:596 16.08.2020	:::	Client Socket[addr=/127.0.0.1,port=35084,localport=46058] connected
21:51:18:668 16.08.2020	:::	Client Socket[addr=/127.0.0.1,port=35096,localport=46058] connected
21:51:23:634 16.08.2020	:::	Luca95 is updated
21:51:23:635 16.08.2020	:::	Luca95 logged-in
21:51:27:810 16.08.2020	:::	Luca is updated
21:51:27:811 16.08.2020	:::	Luca logged-in
21:51:29:386 16.08.2020	:::	DBs updated
21:51:32:579 16.08.2020	:::	Luca asked to start a new challenge with Luca95
21:51:34:83 16.08.2020	:::	Luca95 has accepted the challenge with Luca
21:51:38:733 16.08.2020	:::	Luca has started the challenge with Luca95
21:51:38:734 16.08.2020	:::	Luca95 is updated
21:51:38:740 16.08.2020	:::	Start to send words to Luca95
21:51:39:735 16.08.2020	:::	Luca is updated
21:51:39:737 16.08.2020	:::	Start to send words to Luca
21:51:49:389 16.08.2020	:::	DBs updated
21:52:09:391 16.08.2020	:::	DBs updated
21:52:29:393 16.08.2020	:::	DBs updated
21:52:38:737 16.08.2020	:::	Challenge Ended
21:52:39:737 16.08.2020	:::	Challenge Ended
21:52:49:394 16.08.2020	:::	DBs updated
21:53:09:395 16.08.2020	:::	DBs updated
21:53:29:396 16.08.2020	:::	DBs updated
21:53:50:55 16.08.2020	:::	DBs updated
21:54:10:56 16.08.2020	:::	DBs updated
21:54:30:57 16.08.2020	:::	DBs updated
21:54:50:57 16.08.2020	:::	DBs updated
21:55:04:145 16.08.2020	:::	Quitting
21:55:04:146 16.08.2020	:::	DBs updated
21:55:05:146 16.08.2020	:::	Goodbye



21:55:59:635 16.08.2020	:::	Staring
21:55:59:669 16.08.2020	:::	Users database configured
21:55:59:672 16.08.2020	:::	Friendship database configured
21:55:59:715 16.08.2020	:::	Dictionary loaded
21:55:59:718 16.08.2020	:::	Threadpool created
21:55:59:839 16.08.2020	:::	RMI initialized
21:55:59:840 16.08.2020	:::	Listener socket ready
21:55:59:840 16.08.2020	:::	Server started
21:55:59:846 16.08.2020	:::	DBs updated
21:56:17:646 16.08.2020	:::	Client Socket[addr=/127.0.0.1,port=35400,localport=46058] connected
21:56:19:847 16.08.2020	:::	DBs updated
21:56:19:897 16.08.2020	:::	Client Socket[addr=/127.0.0.1,port=35410,localport=46058] connected
21:56:25:528 16.08.2020	:::	Luca95 is updated
21:56:25:529 16.08.2020	:::	Luca95 logged-in
21:56:31:323 16.08.2020	:::	Luca is updated
21:56:31:324 16.08.2020	:::	Luca logged-in
21:56:36:385 16.08.2020	:::	Luca asked to start a new challenge with Luca95
21:56:37:653 16.08.2020	:::	Luca95 has accepted the challenge with Luca
21:56:39:850 16.08.2020	:::	DBs updated
21:56:41:424 16.08.2020	:::	Luca has started the challenge with Luca95
21:56:41:425 16.08.2020	:::	Luca95 is updated
21:56:41:430 16.08.2020	:::	Start to send words to Luca95
21:56:42:426 16.08.2020	:::	Luca is updated
21:56:42:427 16.08.2020	:::	Start to send words to Luca
21:56:59:852 16.08.2020	:::	DBs updated
21:57:19:855 16.08.2020	:::	DBs updated
21:57:39:857 16.08.2020	:::	DBs updated
21:57:41:428 16.08.2020	:::	Challenge Ended
21:57:42:427 16.08.2020	:::	Challenge Ended
21:57:59:858 16.08.2020	:::	DBs updated
21:58:15:97 16.08.2020	:::	Quitting
21:58:15:107 16.08.2020	:::	DBs updated
21:58:16:98 16.08.2020	:::	Goodbye



